<?xml version="1.0" encoding="UTF-8"?>
<!-- Generated by org.testng.reporters.JUnitReportReporter -->
<testsuite hostname="TuanDell" failures="0" tests="1" name="automation.testsuite.PracticeLocateElement" time="26.162" errors="0" timestamp="2025-02-03T21:49:02 ICT" skipped="0">
  <testcase classname="automation.testsuite.PracticeLocateElement" name="locateByName" time="26.162"/>
  <system-out/>
</testsuite> <!-- automation.testsuite.PracticeLocateElement -->
