<?xml version="1.0" encoding="UTF-8"?>
<!-- Generated by org.testng.reporters.JUnitReportReporter -->
<testsuite hostname="TuanDell" failures="0" tests="2" name="automation.testsuite.PracticeLocateElement2" time="9.495" errors="0" timestamp="2025-02-04T14:55:44 ICT" skipped="0">
  <testcase classname="automation.testsuite.PracticeLocateElement2" name="locateByName" time="5.157"/>
  <system-out/>
  <testcase classname="automation.testsuite.PracticeLocateElement2" name="locateById" time="4.338"/>
  <system-out/>
</testsuite> <!-- automation.testsuite.PracticeLocateElement2 -->
